<?xml version="1.0" encoding="utf-8"?><testsuites name="pytest tests"><testsuite name="pytest" errors="0" failures="0" skipped="0" tests="5" time="1.108" timestamp="2026-05-10T16:14:57.245148+00:00" hostname="agent-env-cebb10a8-9fdb-40f1-a561-3ccc4015b55c"><testcase classname="backend.tests.test_rivaz_api.TestHealth" name="test_root" time="0.167" /><testcase classname="backend.tests.test_rivaz_api.TestContact" name="test_create_contact_and_persistence" time="0.256" /><testcase classname="backend.tests.test_rivaz_api.TestContact" name="test_create_contact_validation_missing_field" time="0.154" /><testcase classname="backend.tests.test_rivaz_api.TestContact" name="test_create_contact_validation_empty" time="0.172" /><testcase classname="backend.tests.test_rivaz_api.TestContact" name="test_get_contacts_returns_list_no_object_id" time="0.119" /></testsuite></testsuites>